Log file open, 10/22/20 11:01:47
LogInit: Display: Running engine for game: vr_project_2nd_Year
LogPlatformFile: Not using cached read wrapper
LogTaskGraph: Started task graph with 5 named threads and 47 total threads with 3 sets of task threads.
LogStats: Stats thread started at 0.152575
LogD3D11RHI: Loaded GFSDK_Aftermath_Lib.x64.dll
LogICUInternationalization: ICU TimeZone Detection - Raw Offset: +1:00, Platform Override: ''
LogPluginManager: Mounting plugin Paper2D
LogPluginManager: Mounting plugin AISupport
LogPluginManager: Mounting plugin LightPropagationVolume
LogPluginManager: Mounting plugin CameraShakePreviewer
LogPluginManager: Mounting plugin ActorLayerUtilities
LogPluginManager: Mounting plugin AnimationSharing
LogPluginManager: Mounting plugin CLionSourceCodeAccess
LogPluginManager: Mounting plugin CodeLiteSourceCodeAccess
LogPluginManager: Mounting plugin GitSourceControl
LogPluginManager: Mounting plugin KDevelopSourceCodeAccess
LogPluginManager: Mounting plugin NullSourceCodeAccess
LogPluginManager: Mounting plugin PerforceSourceControl
LogPluginManager: Mounting plugin PlasticSourceControl
LogPluginManager: Mounting plugin RiderSourceCodeAccess
LogPluginManager: Mounting plugin SubversionSourceControl
LogPluginManager: Mounting plugin UObjectPlugin
LogPluginManager: Mounting plugin VisualStudioCodeSourceCodeAccess
LogPluginManager: Mounting plugin VisualStudioSourceCodeAccess
LogPluginManager: Mounting plugin XCodeSourceCodeAccess
LogPluginManager: Mounting plugin AssetManagerEditor
LogPluginManager: Mounting plugin CryptoKeys
LogPluginManager: Mounting plugin CurveEditorTools
LogPluginManager: Mounting plugin DataValidation
LogPluginManager: Mounting plugin EditorScriptingUtilities
LogPluginManager: Mounting plugin FacialAnimation
LogPluginManager: Mounting plugin GameplayTagsEditor
LogPluginManager: Mounting plugin GeometryMode
LogPluginManager: Mounting plugin MacGraphicsSwitching
LogPluginManager: Mounting plugin MaterialAnalyzer
LogPluginManager: Mounting plugin MobileLauncherProfileWizard
LogPluginManager: Mounting plugin PluginBrowser
LogPluginManager: Mounting plugin SpeedTreeImporter
LogPluginManager: Mounting plugin DatasmithContent
LogPluginManager: Mounting plugin VariantManagerContent
LogPluginManager: Mounting plugin AlembicImporter
LogPluginManager: Mounting plugin AutomationUtils
LogPluginManager: Mounting plugin BackChannel
LogPluginManager: Mounting plugin ChaosCloth
LogPluginManager: Mounting plugin ChaosClothEditor
LogPluginManager: Mounting plugin ChaosEditor
LogPluginManager: Mounting plugin ChaosNiagara
LogPluginManager: Mounting plugin ChaosSolverPlugin
LogPluginManager: Mounting plugin CharacterAI
LogPluginManager: Mounting plugin GeometryCache
LogPluginManager: Mounting plugin GeometryCollectionPlugin
LogPluginManager: Mounting plugin GeometryProcessing
LogPluginManager: Mounting plugin PlanarCut
LogPluginManager: Mounting plugin PlatformCrypto
LogPluginManager: Mounting plugin ProxyLODPlugin
LogPluginManager: Mounting plugin SkeletalReduction
LogPluginManager: Mounting plugin Niagara
LogPluginManager: Mounting plugin MagicLeap
LogPluginManager: Mounting plugin MagicLeapLightEstimation
LogPluginManager: Mounting plugin MagicLeapMedia
LogPluginManager: Mounting plugin MagicLeapPassableWorld
LogPluginManager: Mounting plugin MLSDK
LogPluginManager: Mounting plugin AndroidMedia
LogPluginManager: Mounting plugin AvfMedia
LogPluginManager: Mounting plugin ImgMedia
LogPluginManager: Mounting plugin MediaCompositing
LogPluginManager: Mounting plugin MediaPlayerEditor
LogPluginManager: Mounting plugin WebMMedia
LogPluginManager: Mounting plugin WmfMedia
LogPluginManager: Mounting plugin MeshPainting
LogPluginManager: Mounting plugin TcpMessaging
LogPluginManager: Mounting plugin UdpMessaging
LogPluginManager: Mounting plugin ActorSequence
LogPluginManager: Mounting plugin LevelSequenceEditor
LogPluginManager: Mounting plugin MatineeToLevelSequence
LogPluginManager: Mounting plugin MovieRenderPipeline
LogPluginManager: Mounting plugin TemplateSequence
LogPluginManager: Mounting plugin NetcodeUnitTest
LogPluginManager: Mounting plugin NUTUnrealEngine4
LogPluginManager: Mounting plugin OnlineSubsystemGooglePlay
LogPluginManager: Mounting plugin OnlineSubsystemIOS
LogPluginManager: Mounting plugin OnlineSubsystem
LogPluginManager: Mounting plugin OnlineSubsystemNull
LogPluginManager: Mounting plugin OnlineSubsystemUtils
LogPluginManager: Mounting plugin LauncherChunkInstaller
LogPluginManager: Mounting plugin AndroidDeviceProfileSelector
LogPluginManager: Mounting plugin AndroidMoviePlayer
LogPluginManager: Mounting plugin AndroidPermission
LogPluginManager: Mounting plugin AppleImageUtils
LogPluginManager: Mounting plugin AppleMoviePlayer
LogPluginManager: Mounting plugin ArchVisCharacter
LogPluginManager: Mounting plugin AssetTags
LogPluginManager: Mounting plugin AudioCapture
LogPluginManager: Mounting plugin CableComponent
LogPluginManager: Mounting plugin CustomMeshComponent
LogPluginManager: Mounting plugin EditableMesh
LogPluginManager: Mounting plugin ExampleDeviceProfileSelector
LogPluginManager: Mounting plugin GoogleCloudMessaging
LogPluginManager: Mounting plugin GooglePAD
LogPluginManager: Mounting plugin IOSDeviceProfileSelector
LogPluginManager: Mounting plugin LinuxDeviceProfileSelector
LogPluginManager: Mounting plugin LocationServicesBPLibrary
LogPluginManager: Mounting plugin MobilePatchingUtils
LogPluginManager: Mounting plugin OculusVR
LogPluginManager: Mounting plugin PhysXVehicles
LogPluginManager: Mounting plugin PostSplashScreen
LogPluginManager: Mounting plugin ProceduralMeshComponent
LogPluginManager: Mounting plugin RuntimePhysXCooking
LogPluginManager: Mounting plugin SignificanceManager
LogPluginManager: Mounting plugin SoundFields
LogPluginManager: Mounting plugin SteamVR
LogPluginManager: Mounting plugin Synthesis
LogPluginManager: Mounting plugin WebMMoviePlayer
LogPluginManager: Mounting plugin WindowsMoviePlayer
LogPluginManager: Mounting plugin ScreenshotTools
LogInit: Using libcurl 7.55.1-DEV
LogInit:  - built for x86_64-pc-win32
LogInit:  - supports SSL with OpenSSL/1.1.1
LogInit:  - supports HTTP deflate (compression) using libz 1.2.8
LogInit:  - other features:
LogInit:      CURL_VERSION_SSL
LogInit:      CURL_VERSION_LIBZ
LogInit:      CURL_VERSION_IPV6
LogInit:      CURL_VERSION_ASYNCHDNS
LogInit:      CURL_VERSION_LARGEFILE
LogInit:      CURL_VERSION_IDN
LogInit:  CurlRequestOptions (configurable via config and command line):
LogInit:  - bVerifyPeer = true  - Libcurl will verify peer certificate
LogInit:  - bUseHttpProxy = false  - Libcurl will NOT use HTTP proxy
LogInit:  - bDontReuseConnections = false  - Libcurl will reuse connections
LogInit:  - MaxHostConnections = 16  - Libcurl will limit the number of connections to a host
LogInit:  - LocalHostAddr = Default
LogInit:  - BufferSize = 65536
LogOnline: OSS: Creating online subsystem instance for: NULL
LogInit: WinSock: version 1.1 (2.2), MaxSocks=32767, MaxUdp=65467
LogOnline: OSS: TryLoadSubsystemAndSetDefault: Loaded subsystem for module [NULL]
LogOculusPluginWrapper: OculusPlugin initialized successfully
LogInit: Build: ++UE4+Release-4.25-CL-13942748
LogInit: Engine Version: 4.25.3-13942748+++UE4+Release-4.25
LogInit: Compatible Engine Version: 4.25.0-13144385+++UE4+Release-4.25
LogInit: Net CL: 13144385
LogInit: OS: Windows 10 (Release 2004) (), CPU: AMD Ryzen 7 3700X 8-Core Processor             , GPU: NVIDIA GeForce RTX 2070
LogInit: Compiled (64-bit): Jul 25 2020 02:07:48
LogInit: Compiled with Visual C++: 19.24.28315.00
LogInit: Build Configuration: Development
LogInit: Branch Name: ++UE4+Release-4.25
LogInit: Command Line: 
LogInit: Base Directory: C:/Program Files (x86)/Epic Games/UE_4.25/Engine/Binaries/Win64/
LogInit: Allocator: TBB
LogInit: Installed Engine Build: 1
LogDevObjectVersion: Number of dev versions registered: 26
LogDevObjectVersion:   Dev-Blueprints (B0D832E4-1F89-4F0D-ACCF-7EB736FD4AA2): 10
LogDevObjectVersion:   Dev-Build (E1C64328-A22C-4D53-A36C-8E866417BD8C): 0
LogDevObjectVersion:   Dev-Core (375EC13C-06E4-48FB-B500-84F0262A717E): 4
LogDevObjectVersion:   Dev-Editor (E4B068ED-F494-42E9-A231-DA0B2E46BB41): 38
LogDevObjectVersion:   Dev-Framework (CFFC743F-43B0-4480-9391-14DF171D2073): 37
LogDevObjectVersion:   Dev-Mobile (B02B49B5-BB20-44E9-A304-32B752E40360): 2
LogDevObjectVersion:   Dev-Networking (A4E4105C-59A1-49B5-A7C5-40C4547EDFEE): 0
LogDevObjectVersion:   Dev-Online (39C831C9-5AE6-47DC-9A44-9C173E1C8E7C): 0
LogDevObjectVersion:   Dev-Physics (78F01B33-EBEA-4F98-B9B4-84EACCB95AA2): 4
LogDevObjectVersion:   Dev-Platform (6631380F-2D4D-43E0-8009-CF276956A95A): 0
LogDevObjectVersion:   Dev-Rendering (12F88B9F-8875-4AFC-A67C-D90C383ABD29): 43
LogDevObjectVersion:   Dev-Sequencer (7B5AE74C-D270-4C10-A958-57980B212A5A): 12
LogDevObjectVersion:   Dev-VR (D7296918-1DD6-4BDD-9DE2-64A83CC13884): 3
LogDevObjectVersion:   Dev-LoadTimes (C2A15278-BFE7-4AFE-6C17-90FF531DF755): 1
LogDevObjectVersion:   Private-Geometry (6EACA3D4-40EC-4CC1-B786-8BED09428FC5): 3
LogDevObjectVersion:   Dev-AnimPhys (29E575DD-E0A3-4627-9D10-D276232CDCEA): 17
LogDevObjectVersion:   Dev-Anim (AF43A65D-7FD3-4947-9873-3E8ED9C1BB05): 7
LogDevObjectVersion:   Dev-ReflectionCapture (6B266CEC-1EC7-4B8F-A30B-E4D90942FC07): 1
LogDevObjectVersion:   Dev-Automation (0DF73D61-A23F-47EA-B727-89E90C41499A): 1
LogDevObjectVersion:   FortniteMain (601D1886-AC64-4F84-AA16-D3DE0DEAC7D6): 31
LogDevObjectVersion:   Dev-Enterprise (9DFFBCD6-494F-0158-E221-12823C92A888): 10
LogDevObjectVersion:   Dev-Niagara (F2AED0AC-9AFE-416F-8664-AA7FFA26D6FC): 1
LogDevObjectVersion:   Dev-Destruction (174F1F0B-B4C6-45A5-B13F-2EE8D0FB917D): 10
LogDevObjectVersion:   Dev-Physics-Ext (35F94A83-E258-406C-A318-09F59610247C): 37
LogDevObjectVersion:   Dev-PhysicsMaterial-Chaos (B68FC16E-8B1B-42E2-B453-215C058844FE): 1
LogDevObjectVersion:   Dev-CineCamera (B2E18506-4273-CFC2-A54E-F4BB758BBA07): 1
LogInit: Presizing for max 25165824 objects, including 0 objects not considered by GC, pre-allocating 0 bytes for permanent pool.
LogConfig: Applying CVar settings from Section [/Script/Engine.StreamingSettings] File [C:/Users/adrie/Documents/GitHub/ProjectVR/Unreal_VR_Project/Saved/Config/Windows/Engine.ini]
LogConfig: Setting CVar [[s.MinBulkDataSizeForAsyncLoading:131072]]
LogConfig: Setting CVar [[s.AsyncLoadingThreadEnabled:0]]
LogConfig: Setting CVar [[s.EventDrivenLoaderEnabled:1]]
LogConfig: Setting CVar [[s.WarnIfTimeLimitExceeded:0]]
LogConfig: Setting CVar [[s.TimeLimitExceededMultiplier:1.5]]
LogConfig: Setting CVar [[s.TimeLimitExceededMinTime:0.005]]
LogConfig: Setting CVar [[s.UseBackgroundLevelStreaming:1]]
LogConfig: Setting CVar [[s.PriorityAsyncLoadingExtraTime:15.0]]
LogConfig: Setting CVar [[s.LevelStreamingActorsUpdateTimeLimit:5.0]]
LogConfig: Setting CVar [[s.PriorityLevelStreamingActorsUpdateExtraTime:5.0]]
LogConfig: Setting CVar [[s.LevelStreamingComponentsRegistrationGranularity:10]]
LogConfig: Setting CVar [[s.UnregisterComponentsTimeLimit:1.0]]
LogConfig: Setting CVar [[s.LevelStreamingComponentsUnregistrationGranularity:5]]
LogConfig: Setting CVar [[s.FlushStreamingOnExit:1]]
LogInit: Object subsystem initialized
LogConfig: Setting CVar [[con.DebugEarlyDefault:1]]
LogConfig: Setting CVar [[r.setres:1280x720]]
[2020.10.22-09.01.47:762][  0]LogConfig: Setting CVar [[r.VSync:0]]
[2020.10.22-09.01.47:762][  0]LogConfig: Setting CVar [[r.RHICmdBypass:0]]
[2020.10.22-09.01.47:762][  0]LogConfig: Applying CVar settings from Section [/Script/Engine.RendererSettings] File [C:/Users/adrie/Documents/GitHub/ProjectVR/Unreal_VR_Project/Saved/Config/Windows/Engine.ini]
[2020.10.22-09.01.47:762][  0]LogConfig: Setting CVar [[r.GPUCrashDebugging:0]]
[2020.10.22-09.01.47:762][  0]LogConfig: Setting CVar [[r.DefaultFeature.AmbientOcclusion:0]]
[2020.10.22-09.01.47:762][  0]LogConfig: Setting CVar [[r.DefaultFeature.AmbientOcclusionStaticFraction:0]]
[2020.10.22-09.01.47:762][  0]LogConfig: Setting CVar [[vr.InstancedStereo:1]]
[2020.10.22-09.01.47:762][  0]LogConfig: Setting CVar [[r.SeparateTranslucency:0]]
[2020.10.22-09.01.47:762][  0]LogConfig: Setting CVar [[r.HZBOcclusion:0]]
[2020.10.22-09.01.47:762][  0]LogConfig: Setting CVar [[r.SSR.MaxRoughness:0]]
[2020.10.22-09.01.47:762][  0]LogConfig: Setting CVar [[r.rhicmdbypass:0]]
[2020.10.22-09.01.47:762][  0]LogConfig: Applying CVar settings from Section [/Script/Engine.RendererOverrideSettings] File [C:/Users/adrie/Documents/GitHub/ProjectVR/Unreal_VR_Project/Saved/Config/Windows/Engine.ini]
[2020.10.22-09.01.47:762][  0]LogConfig: Applying CVar settings from Section [/Script/Engine.StreamingSettings] File [C:/Users/adrie/Documents/GitHub/ProjectVR/Unreal_VR_Project/Saved/Config/Windows/Engine.ini]
[2020.10.22-09.01.47:762][  0]LogConfig: Setting CVar [[s.MinBulkDataSizeForAsyncLoading:131072]]
[2020.10.22-09.01.47:762][  0]LogConfig: Setting CVar [[s.AsyncLoadingThreadEnabled:0]]
[2020.10.22-09.01.47:762][  0]LogConfig: Setting CVar [[s.EventDrivenLoaderEnabled:1]]
[2020.10.22-09.01.47:762][  0]LogConfig: Setting CVar [[s.WarnIfTimeLimitExceeded:0]]
[2020.10.22-09.01.47:762][  0]LogConfig: Setting CVar [[s.TimeLimitExceededMultiplier:1.5]]
[2020.10.22-09.01.47:762][  0]LogConfig: Setting CVar [[s.TimeLimitExceededMinTime:0.005]]
[2020.10.22-09.01.47:762][  0]LogConfig: Setting CVar [[s.UseBackgroundLevelStreaming:1]]
[2020.10.22-09.01.47:762][  0]LogConfig: Setting CVar [[s.PriorityAsyncLoadingExtraTime:15.0]]
[2020.10.22-09.01.47:762][  0]LogConfig: Setting CVar [[s.LevelStreamingActorsUpdateTimeLimit:5.0]]
[2020.10.22-09.01.47:762][  0]LogConfig: Setting CVar [[s.PriorityLevelStreamingActorsUpdateExtraTime:5.0]]
[2020.10.22-09.01.47:762][  0]LogConfig: Setting CVar [[s.LevelStreamingComponentsRegistrationGranularity:10]]
[2020.10.22-09.01.47:762][  0]LogConfig: Setting CVar [[s.UnregisterComponentsTimeLimit:1.0]]
[2020.10.22-09.01.47:762][  0]LogConfig: Setting CVar [[s.LevelStreamingComponentsUnregistrationGranularity:5]]
[2020.10.22-09.01.47:762][  0]LogConfig: Setting CVar [[s.FlushStreamingOnExit:1]]
[2020.10.22-09.01.47:762][  0]LogConfig: Applying CVar settings from Section [/Script/Engine.GarbageCollectionSettings] File [C:/Users/adrie/Documents/GitHub/ProjectVR/Unreal_VR_Project/Saved/Config/Windows/Engine.ini]
[2020.10.22-09.01.47:762][  0]LogConfig: Setting CVar [[gc.MaxObjectsNotConsideredByGC:1]]
[2020.10.22-09.01.47:762][  0]LogConfig: Setting CVar [[gc.SizeOfPermanentObjectPool:0]]
[2020.10.22-09.01.47:762][  0]LogConfig: Setting CVar [[gc.FlushStreamingOnGC:0]]
[2020.10.22-09.01.47:762][  0]LogConfig: Setting CVar [[gc.NumRetriesBeforeForcingGC:10]]
[2020.10.22-09.01.47:762][  0]LogConfig: Setting CVar [[gc.AllowParallelGC:1]]
[2020.10.22-09.01.47:762][  0]LogConfig: Setting CVar [[gc.TimeBetweenPurgingPendingKillObjects:61.1]]
[2020.10.22-09.01.47:762][  0]LogConfig: Setting CVar [[gc.MaxObjectsInEditor:25165824]]
[2020.10.22-09.01.47:762][  0]LogConfig: Setting CVar [[gc.IncrementalBeginDestroyEnabled:1]]
[2020.10.22-09.01.47:762][  0]LogConfig: Setting CVar [[gc.CreateGCClusters:1]]
[2020.10.22-09.01.47:762][  0]LogConfig: Setting CVar [[gc.MinGCClusterSize:5]]
[2020.10.22-09.01.47:762][  0]LogConfig: Setting CVar [[gc.ActorClusteringEnabled:0]]
[2020.10.22-09.01.47:762][  0]LogConfig: Setting CVar [[gc.BlueprintClusteringEnabled:0]]
[2020.10.22-09.01.47:762][  0]LogConfig: Setting CVar [[gc.UseDisregardForGCOnDedicatedServers:0]]
[2020.10.22-09.01.47:762][  0]LogConfig: Applying CVar settings from Section [/Script/Engine.NetworkSettings] File [C:/Users/adrie/Documents/GitHub/ProjectVR/Unreal_VR_Project/Saved/Config/Windows/Engine.ini]
[2020.10.22-09.01.47:762][  0]LogConfig: Applying CVar settings from Section [/Script/UnrealEd.CookerSettings] File [C:/Users/adrie/Documents/GitHub/ProjectVR/Unreal_VR_Project/Saved/Config/Windows/Engine.ini]
[2020.10.22-09.01.47:765][  0]LogConfig: Applying CVar settings from Section [ViewDistanceQuality@3] File [C:/Users/adrie/Documents/GitHub/ProjectVR/Unreal_VR_Project/Saved/Config/Windows/Scalability.ini]
[2020.10.22-09.01.47:765][  0]LogConfig: Setting CVar [[r.SkeletalMeshLODBias:0]]
[2020.10.22-09.01.47:765][  0]LogConfig: Setting CVar [[r.ViewDistanceScale:1.0]]
[2020.10.22-09.01.47:765][  0]LogConfig: Applying CVar settings from Section [AntiAliasingQuality@3] File [C:/Users/adrie/Documents/GitHub/ProjectVR/Unreal_VR_Project/Saved/Config/Windows/Scalability.ini]
[2020.10.22-09.01.47:765][  0]LogConfig: Setting CVar [[r.PostProcessAAQuality:3]]
[2020.10.22-09.01.47:766][  0]LogConfig: Applying CVar settings from Section [ShadowQuality@3] File [C:/Users/adrie/Documents/GitHub/ProjectVR/Unreal_VR_Project/Saved/Config/Windows/Scalability.ini]
[2020.10.22-09.01.47:766][  0]LogConfig: Setting CVar [[r.LightFunctionQuality:1]]
[2020.10.22-09.01.47:766][  0]LogConfig: Setting CVar [[r.ShadowQuality:5]]
[2020.10.22-09.01.47:766][  0]LogConfig: Setting CVar [[r.Shadow.CSM.MaxCascades:10]]
[2020.10.22-09.01.47:766][  0]LogConfig: Setting CVar [[r.Shadow.MaxResolution:2048]]
[2020.10.22-09.01.47:766][  0]LogConfig: Setting CVar [[r.Shadow.MaxCSMResolution:2048]]
[2020.10.22-09.01.47:766][  0]LogConfig: Setting CVar [[r.Shadow.RadiusThreshold:0.01]]
[2020.10.22-09.01.47:766][  0]LogConfig: Setting CVar [[r.Shadow.DistanceScale:1.0]]
[2020.10.22-09.01.47:766][  0]LogConfig: Setting CVar [[r.Shadow.CSM.TransitionScale:1.0]]
[2020.10.22-09.01.47:766][  0]LogConfig: Setting CVar [[r.Shadow.PreShadowResolutionFactor:1.0]]
[2020.10.22-09.01.47:766][  0]LogConfig: Setting CVar [[r.DistanceFieldShadowing:1]]
[2020.10.22-09.01.47:766][  0]LogConfig: Setting CVar [[r.DistanceFieldAO:1]]
[2020.10.22-09.01.47:766][  0]LogConfig: Setting CVar [[r.AOQuality:2]]
[2020.10.22-09.01.47:766][  0]LogConfig: Setting CVar [[r.VolumetricFog:1]]
[2020.10.22-09.01.47:766][  0]LogConfig: Setting CVar [[r.VolumetricFog.GridPixelSize:8]]
[2020.10.22-09.01.47:766][  0]LogConfig: Setting CVar [[r.VolumetricFog.GridSizeZ:128]]
[2020.10.22-09.01.47:766][  0]LogConfig: Setting CVar [[r.VolumetricFog.HistoryMissSupersampleCount:4]]
[2020.10.22-09.01.47:766][  0]LogConfig: Setting CVar [[r.LightMaxDrawDistanceScale:1]]
[2020.10.22-09.01.47:766][  0]LogConfig: Setting CVar [[r.CapsuleShadows:1]]
[2020.10.22-09.01.47:766][  0]LogConfig: Applying CVar settings from Section [PostProcessQuality@3] File [C:/Users/adrie/Documents/GitHub/ProjectVR/Unreal_VR_Project/Saved/Config/Windows/Scalability.ini]
[2020.10.22-09.01.47:766][  0]LogConfig: Setting CVar [[r.MotionBlurQuality:0]]
[2020.10.22-09.01.47:766][  0]LogConfig: Setting CVar [[r.AmbientOcclusionMipLevelFactor:0.4]]
[2020.10.22-09.01.47:766][  0]LogConfig: Setting CVar [[r.AmbientOcclusionMaxQuality:100]]
[2020.10.22-09.01.47:766][  0]LogConfig: Setting CVar [[r.AmbientOcclusionLevels:0]]
[2020.10.22-09.01.47:766][  0]LogConfig: Setting CVar [[r.AmbientOcclusionRadiusScale:1.0]]
[2020.10.22-09.01.47:766][  0]LogConfig: Setting CVar [[r.DepthOfFieldQuality:0]]
[2020.10.22-09.01.47:766][  0]LogConfig: Setting CVar [[r.RenderTargetPoolMin:400]]
[2020.10.22-09.01.47:766][  0]LogConfig: Setting CVar [[r.LensFlareQuality:0]]
[2020.10.22-09.01.47:766][  0]LogConfig: Setting CVar [[r.SceneColorFringeQuality:0]]
[2020.10.22-09.01.47:766][  0]LogConfig: Setting CVar [[r.EyeAdaptationQuality:2]]
[2020.10.22-09.01.47:766][  0]LogConfig: Setting CVar [[r.BloomQuality:1]]
[2020.10.22-09.01.47:766][  0]LogConfig: Setting CVar [[r.FastBlurThreshold:0]]
[2020.10.22-09.01.47:766][  0]LogConfig: Setting CVar [[r.Upscale.Quality:3]]
[2020.10.22-09.01.47:766][  0]LogConfig: Setting CVar [[r.Tonemapper.GrainQuantization:1]]
[2020.10.22-09.01.47:766][  0]LogConfig: Setting CVar [[r.LightShaftQuality:1]]
[2020.10.22-09.01.47:766][  0]LogConfig: Setting CVar [[r.Filter.SizeScale:1]]
[2020.10.22-09.01.47:766][  0]LogConfig: Setting CVar [[r.Tonemapper.Quality:5]]
[2020.10.22-09.01.47:766][  0]LogConfig: Setting CVar [[r.DOF.Gather.AccumulatorQuality:1        ; higher gathering accumulator quality]]
[2020.10.22-09.01.47:766][  0]LogConfig: Setting CVar [[r.DOF.Gather.PostfilterMethod:1          ; Median3x3 postfilering method]]
[2020.10.22-09.01.47:766][  0]LogConfig: Setting CVar [[r.DOF.Gather.EnableBokehSettings:0       ; no bokeh simulation when gathering]]
[2020.10.22-09.01.47:766][  0]LogConfig: Setting CVar [[r.DOF.Gather.RingCount:4                 ; medium number of samples when gathering]]
[2020.10.22-09.01.47:766][  0]LogConfig: Setting CVar [[r.DOF.Scatter.ForegroundCompositing:1    ; additive foreground scattering]]
[2020.10.22-09.01.47:766][  0]LogConfig: Setting CVar [[r.DOF.Scatter.BackgroundCompositing:2    ; additive background scattering]]
[2020.10.22-09.01.47:766][  0]LogConfig: Setting CVar [[r.DOF.Scatter.EnableBokehSettings:1      ; bokeh simulation when scattering]]
[2020.10.22-09.01.47:766][  0]LogConfig: Setting CVar [[r.DOF.Scatter.MaxSpriteRatio:0.1         ; only a maximum of 10% of scattered bokeh]]
[2020.10.22-09.01.47:766][  0]LogConfig: Setting CVar [[r.DOF.Recombine.Quality:1                ; cheap slight out of focus]]
[2020.10.22-09.01.47:766][  0]LogConfig: Setting CVar [[r.DOF.Recombine.EnableBokehSettings:0    ; no bokeh simulation on slight out of focus]]
[2020.10.22-09.01.47:766][  0]LogConfig: Setting CVar [[r.DOF.TemporalAAQuality:1                ; more stable temporal accumulation]]
[2020.10.22-09.01.47:766][  0]LogConfig: Setting CVar [[r.DOF.Kernel.MaxForegroundRadius:0.025]]
[2020.10.22-09.01.47:766][  0]LogConfig: Setting CVar [[r.DOF.Kernel.MaxBackgroundRadius:0.025]]
[2020.10.22-09.01.47:766][  0]LogConfig: Applying CVar settings from Section [TextureQuality@3] File [C:/Users/adrie/Documents/GitHub/ProjectVR/Unreal_VR_Project/Saved/Config/Windows/Scalability.ini]
[2020.10.22-09.01.47:766][  0]LogConfig: Setting CVar [[r.Streaming.MipBias:0]]
[2020.10.22-09.01.47:766][  0]LogConfig: Setting CVar [[r.Streaming.AmortizeCPUToGPUCopy:0]]
[2020.10.22-09.01.47:766][  0]LogConfig: Setting CVar [[r.Streaming.MaxNumTexturesToStreamPerFrame:0]]
[2020.10.22-09.01.47:766][  0]LogConfig: Setting CVar [[r.Streaming.Boost:1]]
[2020.10.22-09.01.47:766][  0]LogConfig: Setting CVar [[r.MaxAnisotropy:8]]
[2020.10.22-09.01.47:766][  0]LogConfig: Setting CVar [[r.VT.MaxAnisotropy:8]]
[2020.10.22-09.01.47:766][  0]LogConfig: Setting CVar [[r.Streaming.LimitPoolSizeToVRAM:0]]
[2020.10.22-09.01.47:766][  0]LogConfig: Setting CVar [[r.Streaming.PoolSize:1000]]
[2020.10.22-09.01.47:766][  0]LogConfig: Setting CVar [[r.Streaming.MaxEffectiveScreenSize:0]]
[2020.10.22-09.01.47:766][  0]LogConfig: Applying CVar settings from Section [EffectsQuality@3] File [C:/Users/adrie/Documents/GitHub/ProjectVR/Unreal_VR_Project/Saved/Config/Windows/Scalability.ini]
[2020.10.22-09.01.47:766][  0]LogConfig: Setting CVar [[r.TranslucencyLightingVolumeDim:4]]
[2020.10.22-09.01.47:766][  0]LogConfig: Setting CVar [[r.RefractionQuality:2]]
[2020.10.22-09.01.47:766][  0]LogConfig: Setting CVar [[r.SSR.Quality:0]]
[2020.10.22-09.01.47:766][  0]LogConfig: Setting CVar [[r.SSR.HalfResSceneColor:0]]
[2020.10.22-09.01.47:766][  0]LogConfig: Setting CVar [[r.SceneColorFormat:2]]
[2020.10.22-09.01.47:766][  0]LogConfig: Setting CVar [[r.DetailMode:2]]
[2020.10.22-09.01.47:766][  0]LogConfig: Setting CVar [[r.TranslucencyVolumeBlur:0]]
[2020.10.22-09.01.47:766][  0]LogConfig: Setting CVar [[r.MaterialQualityLevel:1 ; High quality]]
[2020.10.22-09.01.47:766][  0]LogConfig: Setting CVar [[r.SSS.Scale:1]]
[2020.10.22-09.01.47:766][  0]LogConfig: Setting CVar [[r.SSS.SampleSet:2]]
[2020.10.22-09.01.47:766][  0]LogConfig: Setting CVar [[r.SSS.Quality:1]]
[2020.10.22-09.01.47:766][  0]LogConfig: Setting CVar [[r.SSS.HalfRes:0]]
[2020.10.22-09.01.47:766][  0]LogConfig: Setting CVar [[r.SSGI.Quality:3]]
[2020.10.22-09.01.47:766][  0]LogConfig: Setting CVar [[r.EmitterSpawnRateScale:1.0]]
[2020.10.22-09.01.47:766][  0]LogConfig: Setting CVar [[r.ParticleLightQuality:2]]
[2020.10.22-09.01.47:766][  0]LogConfig: Setting CVar [[r.SkyAtmosphere.AerialPerspectiveLUT.FastApplyOnOpaque:1 ; Always have FastSkyLUT 1 in this case to avoid wrong sky]]
[2020.10.22-09.01.47:766][  0]LogConfig: Setting CVar [[r.SkyAtmosphere.AerialPerspectiveLUT.SampleCountPerSlice:1]]
[2020.10.22-09.01.47:766][  0]LogConfig: Setting CVar [[r.SkyAtmosphere.AerialPerspectiveLUT.DepthResolution:16.0]]
[2020.10.22-09.01.47:766][  0]LogConfig: Setting CVar [[r.SkyAtmosphere.FastSkyLUT:1]]
[2020.10.22-09.01.47:766][  0]LogConfig: Setting CVar [[r.SkyAtmosphere.FastSkyLUT.SampleCountMin:4.0]]
[2020.10.22-09.01.47:766][  0]LogConfig: Setting CVar [[r.SkyAtmosphere.FastSkyLUT.SampleCountMax:32.0]]
[2020.10.22-09.01.47:766][  0]LogConfig: Setting CVar [[r.SkyAtmosphere.SampleCountMin:4.0]]
[2020.10.22-09.01.47:766][  0]LogConfig: Setting CVar [[r.SkyAtmosphere.SampleCountMax:32.0]]
[2020.10.22-09.01.47:766][  0]LogConfig: Setting CVar [[r.SkyAtmosphere.TransmittanceLUT.UseSmallFormat:0]]
[2020.10.22-09.01.47:766][  0]LogConfig: Setting CVar [[r.SkyAtmosphere.TransmittanceLUT.SampleCount:10.0]]
[2020.10.22-09.01.47:766][  0]LogConfig: Setting CVar [[r.SkyAtmosphere.MultiScatteringLUT.SampleCount:15.0]]
[2020.10.22-09.01.47:766][  0]LogConfig: Applying CVar settings from Section [FoliageQuality@3] File [C:/Users/adrie/Documents/GitHub/ProjectVR/Unreal_VR_Project/Saved/Config/Windows/Scalability.ini]
[2020.10.22-09.01.47:766][  0]LogConfig: Setting CVar [[foliage.DensityScale:1.0]]
[2020.10.22-09.01.47:766][  0]LogConfig: Setting CVar [[grass.DensityScale:1.0]]
[2020.10.22-09.01.47:766][  0]LogConfig: Applying CVar settings from Section [ShadingQuality@3] File [C:/Users/adrie/Documents/GitHub/ProjectVR/Unreal_VR_Project/Saved/Config/Windows/Scalability.ini]
[2020.10.22-09.01.47:766][  0]LogConfig: Setting CVar [[r.HairStrands.SkyLighting.SampleCount:16]]
[2020.10.22-09.01.47:766][  0]LogConfig: Setting CVar [[r.HairStrands.SkyLighting.JitterIntegration:0]]
[2020.10.22-09.01.47:766][  0]LogConfig: Setting CVar [[r.HairStrands.SkyAO.SampleCount:16]]
[2020.10.22-09.01.47:766][  0]LogConfig: Setting CVar [[r.HairStrands.DeepShadow.SuperSampling:0]]
[2020.10.22-09.01.47:766][  0]LogConfig: Setting CVar [[r.HairStrands.VisibilityPPLL:0]]
[2020.10.22-09.01.47:766][  0]LogConfig: Setting CVar [[r.HairStrands.RasterizationScale:0.5]]
[2020.10.22-09.01.47:766][  0]LogConfig: Setting CVar [[r.HairStrands.VelocityRasterizationScale:1]]
[2020.10.22-09.01.47:767][  0]LogInit: Selected Device Profile: [Windows]
[2020.10.22-09.01.47:767][  0]LogInit: Applying CVar settings loaded from the selected device profile: [Windows]
[2020.10.22-09.01.47:767][  0]LogHAL: Display: Platform has ~ 16 GB [17106120704 / 17179869184 / 16], which maps to Larger [LargestMinGB=32, LargerMinGB=12, DefaultMinGB=8, SmallerMinGB=6, SmallestMinGB=0)
[2020.10.22-09.01.47:767][  0]LogInit: Going up to parent DeviceProfile []
[2020.10.22-09.01.47:767][  0]LogConfig: Applying CVar settings from Section [ViewDistanceQuality@3] File [C:/Users/adrie/Documents/GitHub/ProjectVR/Unreal_VR_Project/Saved/Config/Windows/Scalability.ini]
[2020.10.22-09.01.47:767][  0]LogConfig: Setting CVar [[r.SkeletalMeshLODBias:0]]
[2020.10.22-09.01.47:767][  0]LogConfig: Setting CVar [[r.ViewDistanceScale:1.0]]
[2020.10.22-09.01.47:767][  0]LogConfig: Applying CVar settings from Section [AntiAliasingQuality@3] File [C:/Users/adrie/Documents/GitHub/ProjectVR/Unreal_VR_Project/Saved/Config/Windows/Scalability.ini]
[2020.10.22-09.01.47:767][  0]LogConfig: Setting CVar [[r.PostProcessAAQuality:3]]
[2020.10.22-09.01.47:767][  0]LogConfig: Applying CVar settings from Section [ShadowQuality@3] File [C:/Users/adrie/Documents/GitHub/ProjectVR/Unreal_VR_Project/Saved/Config/Windows/Scalability.ini]
[2020.10.22-09.01.47:767][  0]LogConfig: Setting CVar [[r.LightFunctionQuality:1]]
[2020.10.22-09.01.47:767][  0]LogConfig: Setting CVar [[r.ShadowQuality:5]]
[2020.10.22-09.01.47:767][  0]LogConfig: Setting CVar [[r.Shadow.CSM.MaxCascades:10]]
[2020.10.22-09.01.47:767][  0]LogConfig: Setting CVar [[r.Shadow.MaxResolution:2048]]
[2020.10.22-09.01.47:767][  0]LogConfig: Setting CVar [[r.Shadow.MaxCSMResolution:2048]]
[2020.10.22-09.01.47:767][  0]LogConfig: Setting CVar [[r.Shadow.RadiusThreshold:0.01]]
[2020.10.22-09.01.47:767][  0]LogConfig: Setting CVar [[r.Shadow.DistanceScale:1.0]]
[2020.10.22-09.01.47:767][  0]LogConfig: Setting CVar [[r.Shadow.CSM.TransitionScale:1.0]]
[2020.10.22-09.01.47:767][  0]LogConfig: Setting CVar [[r.Shadow.PreShadowResolutionFactor:1.0]]
[2020.10.22-09.01.47:767][  0]LogConfig: Setting CVar [[r.DistanceFieldShadowing:1]]
[2020.10.22-09.01.47:767][  0]LogConfig: Setting CVar [[r.DistanceFieldAO:1]]
[2020.10.22-09.01.47:767][  0]LogConfig: Setting CVar [[r.AOQuality:2]]
[2020.10.22-09.01.47:767][  0]LogConfig: Setting CVar [[r.VolumetricFog:1]]
[2020.10.22-09.01.47:767][  0]LogConfig: Setting CVar [[r.VolumetricFog.GridPixelSize:8]]
[2020.10.22-09.01.47:767][  0]LogConfig: Setting CVar [[r.VolumetricFog.GridSizeZ:128]]
[2020.10.22-09.01.47:767][  0]LogConfig: Setting CVar [[r.VolumetricFog.HistoryMissSupersampleCount:4]]
[2020.10.22-09.01.47:767][  0]LogConfig: Setting CVar [[r.LightMaxDrawDistanceScale:1]]
[2020.10.22-09.01.47:767][  0]LogConfig: Setting CVar [[r.CapsuleShadows:1]]
[2020.10.22-09.01.47:767][  0]LogConfig: Applying CVar settings from Section [PostProcessQuality@3] File [C:/Users/adrie/Documents/GitHub/ProjectVR/Unreal_VR_Project/Saved/Config/Windows/Scalability.ini]
[2020.10.22-09.01.47:767][  0]LogConfig: Setting CVar [[r.MotionBlurQuality:0]]
[2020.10.22-09.01.47:767][  0]LogConfig: Setting CVar [[r.AmbientOcclusionMipLevelFactor:0.4]]
[2020.10.22-09.01.47:767][  0]LogConfig: Setting CVar [[r.AmbientOcclusionMaxQuality:100]]
[2020.10.22-09.01.47:767][  0]LogConfig: Setting CVar [[r.AmbientOcclusionLevels:0]]
[2020.10.22-09.01.47:767][  0]LogConfig: Setting CVar [[r.AmbientOcclusionRadiusScale:1.0]]
[2020.10.22-09.01.47:767][  0]LogConfig: Setting CVar [[r.DepthOfFieldQuality:0]]
[2020.10.22-09.01.47:767][  0]LogConfig: Setting CVar [[r.RenderTargetPoolMin:400]]
[2020.10.22-09.01.47:767][  0]LogConfig: Setting CVar [[r.LensFlareQuality:0]]
[2020.10.22-09.01.47:767][  0]LogConfig: Setting CVar [[r.SceneColorFringeQuality:0]]
[2020.10.22-09.01.47:767][  0]LogConfig: Setting CVar [[r.EyeAdaptationQuality:2]]
[2020.10.22-09.01.47:767][  0]LogConfig: Setting CVar [[r.BloomQuality:1]]
[2020.10.22-09.01.47:767][  0]LogConfig: Setting CVar [[r.FastBlurThreshold:0]]
[2020.10.22-09.01.47:767][  0]LogConfig: Setting CVar [[r.Upscale.Quality:3]]
[2020.10.22-09.01.47:767][  0]LogConfig: Setting CVar [[r.Tonemapper.GrainQuantization:1]]
[2020.10.22-09.01.47:767][  0]LogConfig: Setting CVar [[r.LightShaftQuality:1]]
[2020.10.22-09.01.47:767][  0]LogConfig: Setting CVar [[r.Filter.SizeScale:1]]
[2020.10.22-09.01.47:767][  0]LogConfig: Setting CVar [[r.Tonemapper.Quality:5]]
[2020.10.22-09.01.47:767][  0]LogConfig: Setting CVar [[r.DOF.Gather.AccumulatorQuality:1        ; higher gathering accumulator quality]]
[2020.10.22-09.01.47:767][  0]LogConfig: Setting CVar [[r.DOF.Gather.PostfilterMethod:1          ; Median3x3 postfilering method]]
[2020.10.22-09.01.47:767][  0]LogConfig: Setting CVar [[r.DOF.Gather.EnableBokehSettings:0       ; no bokeh simulation when gathering]]
[2020.10.22-09.01.47:767][  0]LogConfig: Setting CVar [[r.DOF.Gather.RingCount:4                 ; medium number of samples when gathering]]
[2020.10.22-09.01.47:767][  0]LogConfig: Setting CVar [[r.DOF.Scatter.ForegroundCompositing:1    ; additive foreground scattering]]
[2020.10.22-09.01.47:767][  0]LogConfig: Setting CVar [[r.DOF.Scatter.BackgroundCompositing:2    ; additive background scattering]]
[2020.10.22-09.01.47:767][  0]LogConfig: Setting CVar [[r.DOF.Scatter.EnableBokehSettings:1      ; bokeh simulation when scattering]]
[2020.10.22-09.01.47:767][  0]LogConfig: Setting CVar [[r.DOF.Scatter.MaxSpriteRatio:0.1         ; only a maximum of 10% of scattered bokeh]]
[2020.10.22-09.01.47:767][  0]LogConfig: Setting CVar [[r.DOF.Recombine.Quality:1                ; cheap slight out of focus]]
[2020.10.22-09.01.47:767][  0]LogConfig: Setting CVar [[r.DOF.Recombine.EnableBokehSettings:0    ; no bokeh simulation on slight out of focus]]
[2020.10.22-09.01.47:767][  0]LogConfig: Setting CVar [[r.DOF.TemporalAAQuality:1                ; more stable temporal accumulation]]
[2020.10.22-09.01.47:767][  0]LogConfig: Setting CVar [[r.DOF.Kernel.MaxForegroundRadius:0.025]]
[2020.10.22-09.01.47:767][  0]LogConfig: Setting CVar [[r.DOF.Kernel.MaxBackgroundRadius:0.025]]
[2020.10.22-09.01.47:767][  0]LogConfig: Applying CVar settings from Section [TextureQuality@3] File [C:/Users/adrie/Documents/GitHub/ProjectVR/Unreal_VR_Project/Saved/Config/Windows/Scalability.ini]
[2020.10.22-09.01.47:767][  0]LogConfig: Setting CVar [[r.Streaming.MipBias:0]]
[2020.10.22-09.01.47:767][  0]LogConfig: Setting CVar [[r.Streaming.AmortizeCPUToGPUCopy:0]]
[2020.10.22-09.01.47:767][  0]LogConfig: Setting CVar [[r.Streaming.MaxNumTexturesToStreamPerFrame:0]]
[2020.10.22-09.01.47:767][  0]LogConfig: Setting CVar [[r.Streaming.Boost:1]]
[2020.10.22-09.01.47:767][  0]LogConfig: Setting CVar [[r.MaxAnisotropy:8]]
[2020.10.22-09.01.47:767][  0]LogConfig: Setting CVar [[r.VT.MaxAnisotropy:8]]
[2020.10.22-09.01.47:767][  0]LogConfig: Setting CVar [[r.Streaming.LimitPoolSizeToVRAM:0]]
[2020.10.22-09.01.47:767][  0]LogConfig: Setting CVar [[r.Streaming.PoolSize:1000]]
[2020.10.22-09.01.47:767][  0]LogConfig: Setting CVar [[r.Streaming.MaxEffectiveScreenSize:0]]
[2020.10.22-09.01.47:767][  0]LogConfig: Applying CVar settings from Section [EffectsQuality@3] File [C:/Users/adrie/Documents/GitHub/ProjectVR/Unreal_VR_Project/Saved/Config/Windows/Scalability.ini]
[2020.10.22-09.01.47:767][  0]LogConfig: Setting CVar [[r.TranslucencyLightingVolumeDim:4]]
[2020.10.22-09.01.47:767][  0]LogConfig: Setting CVar [[r.RefractionQuality:2]]
[2020.10.22-09.01.47:767][  0]LogConfig: Setting CVar [[r.SSR.Quality:0]]
[2020.10.22-09.01.47:767][  0]LogConfig: Setting CVar [[r.SSR.HalfResSceneColor:0]]
[2020.10.22-09.01.47:767][  0]LogConfig: Setting CVar [[r.SceneColorFormat:2]]
[2020.10.22-09.01.47:767][  0]LogConfig: Setting CVar [[r.DetailMode:2]]
[2020.10.22-09.01.47:767][  0]LogConfig: Setting CVar [[r.TranslucencyVolumeBlur:0]]
[2020.10.22-09.01.47:767][  0]LogConfig: Setting CVar [[r.MaterialQualityLevel:1 ; High quality]]
[2020.10.22-09.01.47:767][  0]LogConfig: Setting CVar [[r.SSS.Scale:1]]
[2020.10.22-09.01.47:767][  0]LogConfig: Setting CVar [[r.SSS.SampleSet:2]]
[2020.10.22-09.01.47:767][  0]LogConfig: Setting CVar [[r.SSS.Quality:1]]
[2020.10.22-09.01.47:767][  0]LogConfig: Setting CVar [[r.SSS.HalfRes:0]]
[2020.10.22-09.01.47:767][  0]LogConfig: Setting CVar [[r.SSGI.Quality:3]]
[2020.10.22-09.01.47:767][  0]LogConfig: Setting CVar [[r.EmitterSpawnRateScale:1.0]]
[2020.10.22-09.01.47:767][  0]LogConfig: Setting CVar [[r.ParticleLightQuality:2]]
[2020.10.22-09.01.47:767][  0]LogConfig: Setting CVar [[r.SkyAtmosphere.AerialPerspectiveLUT.FastApplyOnOpaque:1 ; Always have FastSkyLUT 1 in this case to avoid wrong sky]]
[2020.10.22-09.01.47:767][  0]LogConfig: Setting CVar [[r.SkyAtmosphere.AerialPerspectiveLUT.SampleCountPerSlice:1]]
[2020.10.22-09.01.47:767][  0]LogConfig: Setting CVar [[r.SkyAtmosphere.AerialPerspectiveLUT.DepthResolution:16.0]]
[2020.10.22-09.01.47:768][  0]LogConfig: Setting CVar [[r.SkyAtmosphere.FastSkyLUT:1]]
[2020.10.22-09.01.47:768][  0]LogConfig: Setting CVar [[r.SkyAtmosphere.FastSkyLUT.SampleCountMin:4.0]]
[2020.10.22-09.01.47:768][  0]LogConfig: Setting CVar [[r.SkyAtmosphere.FastSkyLUT.SampleCountMax:32.0]]
[2020.10.22-09.01.47:768][  0]LogConfig: Setting CVar [[r.SkyAtmosphere.SampleCountMin:4.0]]
[2020.10.22-09.01.47:768][  0]LogConfig: Setting CVar [[r.SkyAtmosphere.SampleCountMax:32.0]]
[2020.10.22-09.01.47:768][  0]LogConfig: Setting CVar [[r.SkyAtmosphere.TransmittanceLUT.UseSmallFormat:0]]
[2020.10.22-09.01.47:768][  0]LogConfig: Setting CVar [[r.SkyAtmosphere.TransmittanceLUT.SampleCount:10.0]]
[2020.10.22-09.01.47:768][  0]LogConfig: Setting CVar [[r.SkyAtmosphere.MultiScatteringLUT.SampleCount:15.0]]
[2020.10.22-09.01.47:768][  0]LogConfig: Applying CVar settings from Section [FoliageQuality@3] File [C:/Users/adrie/Documents/GitHub/ProjectVR/Unreal_VR_Project/Saved/Config/Windows/Scalability.ini]
[2020.10.22-09.01.47:768][  0]LogConfig: Setting CVar [[foliage.DensityScale:1.0]]
[2020.10.22-09.01.47:768][  0]LogConfig: Setting CVar [[grass.DensityScale:1.0]]
[2020.10.22-09.01.47:768][  0]LogConfig: Applying CVar settings from Section [ShadingQuality@3] File [C:/Users/adrie/Documents/GitHub/ProjectVR/Unreal_VR_Project/Saved/Config/Windows/Scalability.ini]
[2020.10.22-09.01.47:768][  0]LogConfig: Setting CVar [[r.HairStrands.SkyLighting.SampleCount:16]]
[2020.10.22-09.01.47:768][  0]LogConfig: Setting CVar [[r.HairStrands.SkyLighting.JitterIntegration:0]]
[2020.10.22-09.01.47:768][  0]LogConfig: Setting CVar [[r.HairStrands.SkyAO.SampleCount:16]]
[2020.10.22-09.01.47:768][  0]LogConfig: Setting CVar [[r.HairStrands.DeepShadow.SuperSampling:0]]
[2020.10.22-09.01.47:768][  0]LogConfig: Setting CVar [[r.HairStrands.VisibilityPPLL:0]]
[2020.10.22-09.01.47:768][  0]LogConfig: Setting CVar [[r.HairStrands.RasterizationScale:0.5]]
[2020.10.22-09.01.47:768][  0]LogConfig: Setting CVar [[r.HairStrands.VelocityRasterizationScale:1]]
[2020.10.22-09.01.47:768][  0]LogConfig: Applying CVar settings from Section [Startup] File [../../../Engine/Config/ConsoleVariables.ini]
[2020.10.22-09.01.47:768][  0]LogConfig: Setting CVar [[net.UseAdaptiveNetUpdateFrequency:0]]
[2020.10.22-09.01.47:768][  0]LogConfig: Setting CVar [[p.chaos.AllowCreatePhysxBodies:1]]
[2020.10.22-09.01.47:768][  0]LogConfig: Setting CVar [[fx.SkipVectorVMBackendOptimizations:1]]
[2020.10.22-09.01.47:768][  0]LogConfig: Applying CVar settings from Section [ConsoleVariables] File [C:/Users/adrie/Documents/GitHub/ProjectVR/Unreal_VR_Project/Saved/Config/Windows/Engine.ini]
[2020.10.22-09.01.47:768][  0]LogInit: Computer: DESKTOP-PT34OQE
[2020.10.22-09.01.47:768][  0]LogInit: User: adrie
[2020.10.22-09.01.47:768][  0]LogInit: CPU Page size=4096, Cores=8
[2020.10.22-09.01.47:768][  0]LogInit: High frequency timer resolution =10.000000 MHz
[2020.10.22-09.01.47:768][  0]LogMemory: Memory total: Physical=15.9GB (16GB approx)
[2020.10.22-09.01.47:768][  0]LogMemory: Platform Memory Stats for Windows
[2020.10.22-09.01.47:768][  0]LogMemory: Process Physical Memory: 121.73 MB used, 121.74 MB peak
[2020.10.22-09.01.47:768][  0]LogMemory: Process Virtual Memory: 104.00 MB used, 104.00 MB peak
[2020.10.22-09.01.47:768][  0]LogMemory: Physical Memory: 7173.14 MB used,  9140.53 MB free, 16313.67 MB total
[2020.10.22-09.01.47:768][  0]LogMemory: Virtual Memory: 5235.41 MB used,  134212496.00 MB free, 134217728.00 MB total
[2020.10.22-09.01.47:773][  0]LogWindows: WindowsPlatformFeatures enabled
[2020.10.22-09.01.47:808][  0]LogInit: Physics initialised using underlying interface: PhysX
[2020.10.22-09.01.47:809][  0]LogInit: Using OS detected language (fr-FR).
[2020.10.22-09.01.47:809][  0]LogInit: Using OS detected locale (fr-FR).
[2020.10.22-09.01.47:815][  0]LogTextLocalizationManager: No specific localization for 'fr-FR' exists, so the 'fr' localization will be used.
[2020.10.22-09.01.47:815][  0]LogTextLocalizationResource: LocRes '../../../Engine/Content/Localization/Editor/fr/Editor.locres' could not be opened for reading!
[2020.10.22-09.01.47:815][  0]LogTextLocalizationResource: LocRes '../../../Engine/Content/Localization/EditorTutorials/fr/EditorTutorials.locres' could not be opened for reading!
[2020.10.22-09.01.47:815][  0]LogTextLocalizationResource: LocRes '../../../Engine/Content/Localization/Keywords/fr/Keywords.locres' could not be opened for reading!
[2020.10.22-09.01.47:815][  0]LogTextLocalizationResource: LocRes '../../../Engine/Content/Localization/Category/fr/Category.locres' could not be opened for reading!
[2020.10.22-09.01.47:815][  0]LogTextLocalizationResource: LocRes '../../../Engine/Content/Localization/ToolTips/fr/ToolTips.locres' could not be opened for reading!
[2020.10.22-09.01.47:815][  0]LogTextLocalizationResource: LocRes '../../../Engine/Content/Localization/PropertyNames/fr/PropertyNames.locres' could not be opened for reading!
[2020.10.22-09.01.47:815][  0]LogTextLocalizationResource: LocRes '../../../Engine/Content/Localization/Engine/fr/Engine.locres' could not be opened for reading!
[2020.10.22-09.01.47:816][  0]LogInit: Setting process to per monitor DPI aware
[2020.10.22-09.01.47:848][  0]LogSlate: New Slate User Created.  User Index 0, Is Virtual User: 0
[2020.10.22-09.01.47:848][  0]LogSlate: Slate User Registered.  User Index 0, Is Virtual User: 0
[2020.10.22-09.01.47:949][  0]LogD3D11RHI: D3D11 min allowed feature level: 11_0
[2020.10.22-09.01.47:949][  0]LogD3D11RHI: D3D11 max allowed feature level: 11_0
[2020.10.22-09.01.47:949][  0]LogD3D11RHI: D3D11 adapters:
[2020.10.22-09.01.48:011][  0]LogD3D11RHI:    0. 'NVIDIA GeForce RTX 2070' (Feature Level 11_0)
[2020.10.22-09.01.48:011][  0]LogD3D11RHI:       8031/0/8156 MB DedicatedVideo/DedicatedSystem/SharedSystem, Outputs:2, VendorId:0x10de
[2020.10.22-09.01.48:014][  0]LogD3D11RHI:    1. 'Microsoft Basic Render Driver' (Feature Level 11_0)
[2020.10.22-09.01.48:014][  0]LogD3D11RHI:       0/0/8156 MB DedicatedVideo/DedicatedSystem/SharedSystem, Outputs:0, VendorId:0x1414
[2020.10.22-09.01.48:014][  0]LogD3D11RHI: Chosen D3D11 Adapter: 0
[2020.10.22-09.01.48:020][  0]LogD3D11RHI: Creating new Direct3DDevice
[2020.10.22-09.01.48:020][  0]LogD3D11RHI:     GPU DeviceId: 0x1f02 (for the marketing name, search the web for "GPU Device Id")
[2020.10.22-09.01.48:020][  0]LogWindows: EnumDisplayDevices:
[2020.10.22-09.01.48:020][  0]LogWindows:    0. 'NVIDIA GeForce RTX 2070' (P:1 D:1)
[2020.10.22-09.01.48:020][  0]LogWindows:    1. 'NVIDIA GeForce RTX 2070' (P:0 D:1)
[2020.10.22-09.01.48:020][  0]LogWindows:    2. 'NVIDIA GeForce RTX 2070' (P:0 D:0)
[2020.10.22-09.01.48:021][  0]LogWindows:    3. 'NVIDIA GeForce RTX 2070' (P:0 D:0)
[2020.10.22-09.01.48:021][  0]LogWindows: DebugString: FoundDriverCount:4 
[2020.10.22-09.01.48:021][  0]LogD3D11RHI:     Adapter Name: NVIDIA GeForce RTX 2070
[2020.10.22-09.01.48:021][  0]LogD3D11RHI:   Driver Version: 456.71 (internal:27.21.14.5671, unified:456.71)
[2020.10.22-09.01.48:021][  0]LogD3D11RHI:      Driver Date: 9-30-2020
[2020.10.22-09.01.48:021][  0]LogRHI: Texture pool is 5621 MB (70% of 8031 MB)
[2020.10.22-09.01.48:071][  0]LogD3D11RHI: RHI has support for 64 bit atomics
[2020.10.22-09.01.48:073][  0]LogD3D11RHI: [Aftermath] Enabled and primed
[2020.10.22-09.01.48:073][  0]LogD3D11RHI: Async texture creation enabled
[2020.10.22-09.01.48:073][  0]LogD3D11RHI: Array index from any shader is supported
[2020.10.22-09.01.48:104][  0]LogD3D11RHI: GPU Timing Frequency: 1000.000000 (Debug: 2 2)
[2020.10.22-09.01.48:312][  0]LogTargetPlatformManager: Display: Loaded TargetPlatform 'AllDesktop'
[2020.10.22-09.01.48:332][  0]LogTargetPlatformManager: Display: Loaded TargetPlatform 'Android'
[2020.10.22-09.01.48:332][  0]LogTargetPlatformManager: Display: Loaded TargetPlatform 'Android_ASTC'
[2020.10.22-09.01.48:332][  0]LogTargetPlatformManager: Display: Loaded TargetPlatform 'Android_DXT'
[2020.10.22-09.01.48:332][  0]LogTargetPlatformManager: Display: Loaded TargetPlatform 'Android_ETC2'
[2020.10.22-09.01.48:332][  0]LogTargetPlatformManager: Display: Loaded TargetPlatform 'AndroidClient'
[2020.10.22-09.01.48:332][  0]LogTargetPlatformManager: Display: Loaded TargetPlatform 'Android_ASTCClient'
[2020.10.22-09.01.48:332][  0]LogTargetPlatformManager: Display: Loaded TargetPlatform 'Android_DXTClient'
[2020.10.22-09.01.48:332][  0]LogTargetPlatformManager: Display: Loaded TargetPlatform 'Android_ETC2Client'
[2020.10.22-09.01.48:332][  0]LogTargetPlatformManager: Display: Loaded TargetPlatform 'Android_Multi'
[2020.10.22-09.01.48:332][  0]LogTargetPlatformManager: Display: Loaded TargetPlatform 'Android_MultiClient'
[2020.10.22-09.01.48:353][  0]LogTargetPlatformManager: Display: Loaded TargetPlatform 'IOSClient'
[2020.10.22-09.01.48:353][  0]LogTargetPlatformManager: Display: Loaded TargetPlatform 'IOS'
[2020.10.22-09.01.48:362][  0]LogTargetPlatformManager: Display: Loaded TargetPlatform 'Linux'
[2020.10.22-09.01.48:370][  0]LogTargetPlatformManager: Display: Loaded TargetPlatform 'LinuxNoEditor'
[2020.10.22-09.01.48:378][  0]LogTargetPlatformManager: Display: Loaded TargetPlatform 'LinuxClient'
[2020.10.22-09.01.48:386][  0]LogTargetPlatformManager: Display: Loaded TargetPlatform 'LinuxServer'
[2020.10.22-09.01.48:395][  0]LogTargetPlatformManager: Display: Loaded TargetPlatform 'LinuxAArch64NoEditor'
[2020.10.22-09.01.48:403][  0]LogTargetPlatformManager: Display: Loaded TargetPlatform 'LinuxAArch64Client'
[2020.10.22-09.01.48:411][  0]LogTargetPlatformManager: Display: Loaded TargetPlatform 'LinuxAArch64Server'
[2020.10.22-09.01.48:435][  0]LogTargetPlatformManager: Display: Loaded TargetPlatform 'Lumin'
[2020.10.22-09.01.48:435][  0]LogTargetPlatformManager: Display: Loaded TargetPlatform 'LuminClient'
[2020.10.22-09.01.48:449][  0]LogTargetPlatformManager: Display: Loaded TargetPlatform 'TVOSClient'
[2020.10.22-09.01.48:449][  0]LogTargetPlatformManager: Display: Loaded TargetPlatform 'TVOS'
[2020.10.22-09.01.48:457][  0]LogTargetPlatformManager: Display: Loaded TargetPlatform 'WindowsNoEditor'
[2020.10.22-09.01.48:466][  0]LogTargetPlatformManager: Display: Loaded TargetPlatform 'Windows'
[2020.10.22-09.01.48:474][  0]LogTargetPlatformManager: Display: Loaded TargetPlatform 'WindowsClient'
[2020.10.22-09.01.48:481][  0]LogTargetPlatformManager: Display: Loaded TargetPlatform 'WindowsServer'
[2020.10.22-09.01.48:481][  0]LogTargetPlatformManager: Display: Building Assets For Windows
[2020.10.22-09.01.48:487][  0]LogAudioDebug: Display: Lib vorbis DLL was dynamically loaded.
[2020.10.22-09.01.48:536][  0]LogShaderCompilers: Guid format shader working directory is -29 characters bigger than the processId version (../../../../../../Users/adrie/Documents/GitHub/ProjectVR/Unreal_VR_Project/Intermediate/Shaders/WorkingDirectory/15960/).
[2020.10.22-09.01.48:536][  0]LogShaderCompilers: Cleaned the shader compiler working directory 'C:/Users/adrie/AppData/Local/Temp/UnrealShaderWorkingDir/0ACAF8374B7A6C54E9C513A67FD316B1/'.
[2020.10.22-09.01.48:537][  0]LogXGEController: Cleaning working directory: C:/Users/adrie/AppData/Local/Temp/UnrealXGEWorkingDir/
[2020.10.22-09.01.48:537][  0]LogXGEController: Cannot use XGE Controller as Incredibuild is not installed on this machine.
[2020.10.22-09.01.48:537][  0]LogShaderCompilers: Cannot use XGE Shader Compiler as Incredibuild is not installed on this machine.
[2020.10.22-09.01.48:537][  0]LogShaderCompilers: Display: Using Local Shader Compiler.
[2020.10.22-09.01.49:165][  0]LogDerivedDataCache: Display: Max Cache Size: 512 MB
[2020.10.22-09.01.49:205][  0]LogDerivedDataCache: Loaded boot cache 0.04s 80MB C:/Users/adrie/AppData/Local/UnrealEngine/4.25/DerivedDataCache/Boot.ddc.
[2020.10.22-09.01.49:205][  0]LogDerivedDataCache: Display: Loaded Boot cache: C:/Users/adrie/AppData/Local/UnrealEngine/4.25/DerivedDataCache/Boot.ddc
[2020.10.22-09.01.49:205][  0]LogDerivedDataCache: FDerivedDataBackendGraph:  Pak pak cache file ../../../../../../Users/adrie/Documents/GitHub/ProjectVR/Unreal_VR_Project/DerivedDataCache/DDC.ddp not found, will not use a pak cache.
[2020.10.22-09.01.49:205][  0]LogDerivedDataCache: Unable to find inner node Pak for hierarchical cache Hierarchy.
[2020.10.22-09.01.49:205][  0]LogDerivedDataCache: FDerivedDataBackendGraph:  CompressedPak pak cache file ../../../../../../Users/adrie/Documents/GitHub/ProjectVR/Unreal_VR_Project/DerivedDataCache/Compressed.ddp not found, will not use a pak cache.
[2020.10.22-09.01.49:205][  0]LogDerivedDataCache: Unable to find inner node CompressedPak for hierarchical cache Hierarchy.
[2020.10.22-09.01.49:214][  0]LogDerivedDataCache: Display: Pak cache opened for reading ../../../Engine/DerivedDataCache/Compressed.ddp.
[2020.10.22-09.01.49:214][  0]LogDerivedDataCache: FDerivedDataBackendGraph:  EnterprisePak pak cache file ../../../Enterprise/DerivedDataCache/Compressed.ddp not found, will not use a pak cache.
[2020.10.22-09.01.49:214][  0]LogDerivedDataCache: Unable to find inner node EnterprisePak for hierarchical cache Hierarchy.
[2020.10.22-09.01.49:215][  0]LogDerivedDataCache: Using Local data cache path C:/Users/adrie/AppData/Local/UnrealEngine/Common/DerivedDataCache: Writable
[2020.10.22-09.01.49:215][  0]LogDerivedDataCache: Shared data cache path not found in *engine.ini, will not use an Shared cache.
[2020.10.22-09.01.49:215][  0]LogDerivedDataCache: Unable to find inner node Shared for hierarchical cache Hierarchy.
[2020.10.22-09.01.49:256][  0]LogSlate: Using FreeType 2.10.0
[2020.10.22-09.01.49:257][  0]LogSlate: SlateFontServices - WITH_FREETYPE: 1, WITH_HARFBUZZ: 1
[2020.10.22-09.01.49:276][  0]LogAssetRegistry: FAssetRegistry took 0.0024 seconds to start up
[2020.10.22-09.01.49:474][  0]LogInit: Selected Device Profile: [Windows]
[2020.10.22-09.01.49:566][  0]LogMeshReduction: Using QuadricMeshReduction for automatic static mesh reduction
[2020.10.22-09.01.49:566][  0]LogMeshReduction: Using SimplygonMeshReduction for automatic skeletal mesh reduction
[2020.10.22-09.01.49:566][  0]LogMeshReduction: Using ProxyLODMeshReduction for automatic mesh merging
[2020.10.22-09.01.49:566][  0]LogMeshReduction: No distributed automatic mesh merging module available
[2020.10.22-09.01.49:566][  0]LogMeshMerging: No distributed automatic mesh merging module available
[2020.10.22-09.01.49:580][  0]LogNetVersion: vr_project_2nd_Year 1.0.0, NetCL: 13144385, EngineNetVer: 14, GameNetVer: 0 (Checksum: 3862652839)
[2020.10.22-09.01.49:934][  0]LogAISub: UAISubsystem::UAISubsystem AISubsystem (0000021BFA45D900), frame # 0
[2020.10.22-09.01.49:934][  0]LogAISub: UAISubsystem::UAISubsystem AIPerceptionSystem (0000021BFA3ACCC0), frame # 0
[2020.10.22-09.01.49:935][  0]LogAISub: UAISubsystem::UAISubsystem EnvQueryManager (0000021BFA44C200), frame # 0
[2020.10.22-09.01.49:991][  0]LogPackageLocalizationCache: Processed 19 localized package path(s) for 1 prioritized culture(s) in 0.050102 seconds
[2020.10.22-09.01.49:996][  0]LogUObjectArray: 15917 objects as part of root set at end of initial load.
[2020.10.22-09.01.49:996][  0]LogUObjectAllocator: 3965568 out of 0 bytes used by permanent object pool.
[2020.10.22-09.01.49:996][  0]LogUObjectArray: CloseDisregardForGC: 0/0 objects in disregard for GC pool
[2020.10.22-09.01.50:306][  0]LogTcpMessaging: Initializing TcpMessaging bridge
[2020.10.22-09.01.50:310][  0]LogUdpMessaging: Initializing bridge on interface 0.0.0.0:0 to multicast group 230.0.0.1:6666.
[2020.10.22-09.01.50:378][  0]SourceControl: Source control is disabled
[2020.10.22-09.01.50:378][  0]SourceControl: Source control is disabled
[2020.10.22-09.01.50:381][  0]SourceControl: Source control is disabled
[2020.10.22-09.01.50:384][  0]SourceControl: Source control is disabled
[2020.10.22-09.01.50:390][  0]SourceControl: Source control is disabled
[2020.10.22-09.01.50:604][  0]LogAndroidPermission: UAndroidPermissionCallbackProxy::GetInstance
[2020.10.22-09.01.50:620][  0]LogAudioCaptureCore: Display: No Audio Capture implementations found. Audio input will be silent.
[2020.10.22-09.01.50:620][  0]LogAudioCaptureCore: Display: No Audio Capture implementations found. Audio input will be silent.
[2020.10.22-09.01.50:662][  0]LogOcInput: OculusInput pre-init called
[2020.10.22-09.01.50:859][  0]LogEngine: Initializing Engine...
[2020.10.22-09.01.50:860][  0]LogHMD: Oculus plugin initialized. Version: 4.25.3-13942748+++UE4+Release-4.25, OVRPlugin: 1.44.0
[2020.10.22-09.01.50:861][  0]LogStats: UGameplayTagsManager::InitializeManager -  0.000 s
[2020.10.22-09.01.50:958][  0]LogInit: Initializing FReadOnlyCVARCache
[2020.10.22-09.01.50:964][  0]LogAIModule: Creating AISystem for world Untitled
[2020.10.22-09.01.50:964][  0]LogAISub: UAISubsystem::UAISubsystem EnvQueryManager (0000021B86E60A00), frame # 0
[2020.10.22-09.01.50:964][  0]LogAISub: UAISubsystem::UAISubsystem AIPerceptionSystem (0000021B86E7CCC0), frame # 0
[2020.10.22-09.01.50:979][  0]LogAudioMixer: Display: Audio Mixer Platform Settings:
[2020.10.22-09.01.50:979][  0]LogAudioMixer: Display: 	Sample Rate:						  48000
[2020.10.22-09.01.50:979][  0]LogAudioMixer: Display: 	Callback Buffer Frame Size Requested: 1024
[2020.10.22-09.01.50:979][  0]LogAudioMixer: Display: 	Callback Buffer Frame Size To Use:	  1024
[2020.10.22-09.01.50:979][  0]LogAudioMixer: Display: 	Number of buffers to queue:			  2
[2020.10.22-09.01.50:979][  0]LogAudioMixer: Display: 	Max Channels (voices):				  32
[2020.10.22-09.01.50:979][  0]LogAudioMixer: Display: 	Number of Async Source Workers:		  0
[2020.10.22-09.01.50:979][  0]LogAudio: Display: AudioDevice MaxSources: 32
[2020.10.22-09.01.50:979][  0]LogAudio: Display: Using built-in audio occlusion.
[2020.10.22-09.01.50:979][  0]LogAudioMixer: Display: Initializing audio mixer.
[2020.10.22-09.01.50:988][  0]LogAudioMixer: Display: 0: FrontLeft
[2020.10.22-09.01.50:988][  0]LogAudioMixer: Display: 1: FrontRight
[2020.10.22-09.01.51:013][  0]LogAudioMixer: Display: Using Audio Device Headphones (High Definition Audio Device)
[2020.10.22-09.01.51:013][  0]LogAudioMixer: Display: Initializing Sound Submixes...
[2020.10.22-09.01.51:015][  0]LogAudioMixer: Display: Creating Master Submix 'MasterSubmixDefault'
[2020.10.22-09.01.51:015][  0]LogAudioMixer: Display: Creating Master Submix 'MasterReverbSubmixDefault'
[2020.10.22-09.01.51:016][  0]LogAudioMixer: Display: Creating Master Submix 'MasterEQSubmixDefault'
[2020.10.22-09.01.51:017][  0]LogInit: FAudioDevice initialized.
[2020.10.22-09.01.51:017][  0]LogNetVersion: Set ProjectVersion to 1.0.0.0. Version Checksum will be recalculated on next use.
[2020.10.22-09.01.51:071][  0]LogDerivedDataCache: Saved boot cache 0.05s 80MB C:/Users/adrie/AppData/Local/UnrealEngine/4.25/DerivedDataCache/Boot.ddc.
[2020.10.22-09.01.51:078][  0]LogInit: Texture streaming: Enabled
[2020.10.22-09.01.51:091][  0]LogEngineSessionManager: EngineSessionManager initialized
[2020.10.22-09.01.51:091][  0]LogEditorSessionSummary: Verbose: Initializing EditorSessionSummaryWriter for editor session tracking
[2020.10.22-09.01.51:094][  0]LogEditorSessionSummary: EditorSessionSummaryWriter initialized
[2020.10.22-09.01.51:144][  0]LogInit: Transaction tracking system initialized
[2020.10.22-09.01.51:163][  0]BlueprintLog: New page: Editor Load
[2020.10.22-09.01.51:226][  0]LocalizationService: Localization service is disabled
[2020.10.22-09.01.51:356][  0]LogCook: Display: Max memory allowance for cook 16384mb min free memory 0mb
[2020.10.22-09.01.51:356][  0]LogCook: Display: Mobile HDR setting 1
[2020.10.22-09.01.51:473][  0]LogFileCache: Scanning file cache for directory 'C:/Users/adrie/Documents/GitHub/ProjectVR/Unreal_VR_Project/Content/' took 0.00s
[2020.10.22-09.01.51:614][  0]SourceControl: Source control is disabled
[2020.10.22-09.01.51:614][  0]LogUnrealEdMisc: Loading editor; pre map load, took 5.146
[2020.10.22-09.01.51:614][  0]Cmd: MAP LOAD FILE="../../../../../../Users/adrie/Documents/GitHub/ProjectVR/Unreal_VR_Project/Content/VirtualRealityBP/Maps/StartupMap.umap" TEMPLATE=0 SHOWPROGRESS=1 FEATURELEVEL=3
[2020.10.22-09.01.51:614][  0]LightingResults: New page: Lighting Build
[2020.10.22-09.01.51:615][  0]LogWorld: UWorld::CleanupWorld for Untitled, bSessionEnded=true, bCleanupResources=true
[2020.10.22-09.01.51:615][  0]LogSlate: InvalidateAllWidgets triggered.  All widgets were invalidated
[2020.10.22-09.01.51:615][  0]MapCheck: New page: Map Check
[2020.10.22-09.01.51:615][  0]LightingResults: New page: Lighting Build
[2020.10.22-09.01.51:638][  0]LogAISub: UAISubsystem::~UAISubsystem EnvQueryManager (0000021B86E60A00), frame # 0
[2020.10.22-09.01.51:638][  0]LogAISub: UAISubsystem::~UAISubsystem AIPerceptionSystem (0000021B86E7CCC0), frame # 0
[2020.10.22-09.01.51:639][  0]LogUObjectHash: Compacting FUObjectHashTables data took   0.65ms
[2020.10.22-09.01.51:641][  0]LogLinker: Warning: While loading '../../../../../../Users/adrie/Documents/GitHub/ProjectVR/Unreal_VR_Project/Content/VirtualRealityBP/Maps/StartupMap.umap' failed to load '/Game/VirtualRealityBP/Maps/StartupMap_BuiltData': Can't find file.
[2020.10.22-09.01.51:641][  0]LogLinker: Warning: While loading '../../../../../../Users/adrie/Documents/GitHub/ProjectVR/Unreal_VR_Project/Content/VirtualRealityBP/Maps/StartupMap.umap' failed to load '/Game/VirtualRealityBP/Maps/StartupMap_BuiltData': Can't find file.
[2020.10.22-09.01.51:651][  0]LogLinker: Warning: While loading '../../../../../../Users/adrie/Documents/GitHub/ProjectVR/Unreal_VR_Project/Content/VirtualRealityBP/Maps/StartupMap.umap' failed to load '/Game/VirtualRealityBP/Maps/StartupMap_BuiltData': Can't find file.
[2020.10.22-09.01.51:651][  0]LogLinker: Warning: While loading '../../../../../../Users/adrie/Documents/GitHub/ProjectVR/Unreal_VR_Project/Content/VirtualRealityBP/Maps/StartupMap.umap' failed to load '/Game/VirtualRealityBP/Maps/StartupMap_BuiltData': Can't find file.
[2020.10.22-09.01.51:657][  0]LogLinker: Warning: While loading '../../../../../../Users/adrie/Documents/GitHub/ProjectVR/Unreal_VR_Project/Content/VirtualRealityBP/Maps/StartupMap.umap' failed to load '/Game/VirtualRealityBP/Maps/StartupMap_BuiltData': Can't find file.
[2020.10.22-09.01.51:657][  0]LoadErrors: Failed to load /Game/VirtualRealityBP/Maps/StartupMap_BuiltData.StartupMap_BuiltData Referenced by PersistentLevel
[2020.10.22-09.01.51:657][  0]LogLinker: Warning: While loading '../../../../../../Users/adrie/Documents/GitHub/ProjectVR/Unreal_VR_Project/Content/VirtualRealityBP/Maps/StartupMap.umap' failed to load '/Game/VirtualRealityBP/Maps/StartupMap_BuiltData': Can't find file.
[2020.10.22-09.01.51:657][  0]LoadErrors: Failed to load /Game/VirtualRealityBP/Maps/StartupMap_BuiltData.StartupMap_BuiltData Referenced by PersistentLevel
[2020.10.22-09.01.51:683][  0]LogAIModule: Creating AISystem for world StartupMap
[2020.10.22-09.01.51:683][  0]LogAISub: UAISubsystem::UAISubsystem EnvQueryManager (0000021B97936600), frame # 0
[2020.10.22-09.01.51:683][  0]LogAISub: UAISubsystem::UAISubsystem AIPerceptionSystem (0000021B9792F9C0), frame # 0
[2020.10.22-09.01.51:686][  0]LogEditorServer: Finished looking for orphan Actors (0.000 secs)
[2020.10.22-09.01.51:696][  0]LogUObjectHash: Compacting FUObjectHashTables data took   0.54ms
[2020.10.22-09.01.51:696][  0]Cmd: MAP CHECKDEP NOCLEARLOG
[2020.10.22-09.01.51:697][  0]MapCheck: Map check complete: 0 Error(s), 0 Warning(s), took 0,161ms to complete.
[2020.10.22-09.01.51:697][  0]LogFileHelpers: Loading map 'StartupMap' took 0.083
[2020.10.22-09.01.51:698][  0]LogUnrealEdMisc: Total Editor Startup Time, took 5.230
[2020.10.22-09.01.51:795][  0]LogSlate: Updating window title bar state: overlay mode, drag disabled, window buttons hidden, title bar hidden
[2020.10.22-09.01.51:801][  0]LogSlate: Updating window title bar state: overlay mode, drag disabled, window buttons hidden, title bar hidden
[2020.10.22-09.01.51:806][  0]LogSlate: Updating window title bar state: overlay mode, drag disabled, window buttons hidden, title bar hidden
[2020.10.22-09.01.51:812][  0]LogSlate: Updating window title bar state: overlay mode, drag disabled, window buttons hidden, title bar hidden
[2020.10.22-09.01.51:818][  0]LogCollectionManager: Loaded 0 collections in 0.001406 seconds
[2020.10.22-09.01.51:831][  0]LogFileCache: Scanning file cache for directory 'C:/Users/adrie/Documents/GitHub/ProjectVR/Unreal_VR_Project/Saved/Collections/' took 0.00s
[2020.10.22-09.01.51:831][  0]LogFileCache: Scanning file cache for directory 'C:/Users/adrie/Documents/GitHub/ProjectVR/Unreal_VR_Project/Content/Developers/adrie/Collections/' took 0.00s
[2020.10.22-09.01.51:831][  0]LogFileCache: Scanning file cache for directory 'C:/Users/adrie/Documents/GitHub/ProjectVR/Unreal_VR_Project/Content/Collections/' took 0.00s
[2020.10.22-09.01.51:831][  0]LogContentBrowser: Native class hierarchy populated in 0.0085 seconds. Added 3427 classes and 821 folders.
[2020.10.22-09.01.51:833][  0]LogContentBrowser: Native class hierarchy updated for 'WidgetCarousel' in 0.0002 seconds. Added 0 classes and 0 folders.
[2020.10.22-09.01.51:870][  0]LogContentBrowser: Native class hierarchy updated for 'AddContentDialog' in 0.0002 seconds. Added 0 classes and 0 folders.
[2020.10.22-09.01.51:871][  0]LogContentBrowser: Native class hierarchy updated for 'SceneOutliner' in 0.0002 seconds. Added 2 classes and 0 folders.
[2020.10.22-09.01.51:936][  0]LogSlate: Took 0.000098 seconds to synchronously load lazily loaded font '../../../Engine/Content/Slate/Fonts/Roboto-Regular.ttf' (155K)
[2020.10.22-09.01.51:938][  0]LogSlate: Took 0.000137 seconds to synchronously load lazily loaded font '../../../Engine/Content/Slate/Fonts/Roboto-Bold.ttf' (160K)
[2020.10.22-09.01.51:942][  0]LogSlate: Took 0.000089 seconds to synchronously load lazily loaded font '../../../Engine/Content/Editor/Slate/Fonts/FontAwesome.ttf' (139K)
[2020.10.22-09.01.51:996][  0]LogRenderer: Reallocating scene render targets to support 1188x600 Format 26 NumSamples 1 (Frame:1).
[2020.10.22-09.01.52:063][  0]LogContentBrowser: Native class hierarchy updated for 'HierarchicalLODOutliner' in 0.0003 seconds. Added 0 classes and 0 folders.
[2020.10.22-09.01.52:063][  0]LogLoad: (Engine Initialization) Total time: 5.60 seconds
[2020.10.22-09.01.52:063][  0]LogLoad: (Engine Initialization) Total Blueprint compile time: 0.00 seconds
[2020.10.22-09.01.52:073][  0]LogOcInput: OculusInput is initialized
[2020.10.22-09.01.52:085][  0]LogContentStreaming: Texture pool size now 1000 MB
[2020.10.22-09.01.52:122][  0]LogSlate: Took 0.000101 seconds to synchronously load lazily loaded font '../../../Engine/Content/Slate/Fonts/DroidSansMono.ttf' (77K)
[2020.10.22-09.01.53:090][109]LogSlate: Took 0.000157 seconds to synchronously load lazily loaded font '../../../Engine/Content/Slate/Fonts/Roboto-Light.ttf' (167K)
[2020.10.22-09.01.53:635][149]LogSlate: Window 'Message Log' being destroyed
[2020.10.22-09.01.53:640][149]LogSlate: Window 'Message Log' being destroyed
[2020.10.22-09.01.54:786][284]LogSlate: Took 0.000154 seconds to synchronously load lazily loaded font '../../../Engine/Content/Slate/Fonts/Roboto-Light.ttf' (167K)
[2020.10.22-09.01.57:737][607]LogAssetEditorSubsystem: Opening Asset editor for World /Game/VirtualRealityBP/Maps/MotionControllerMap.MotionControllerMap
[2020.10.22-09.01.57:749][607]LogUObjectHash: Compacting FUObjectHashTables data took   0.78ms
[2020.10.22-09.01.57:750][607]Cmd: MAP LOAD FILE="../../../../../../Users/adrie/Documents/GitHub/ProjectVR/Unreal_VR_Project/Content/VirtualRealityBP/Maps/MotionControllerMap.umap" TEMPLATE=0 SHOWPROGRESS=1 FEATURELEVEL=3
[2020.10.22-09.01.57:750][607]LightingResults: New page: Lighting Build
[2020.10.22-09.01.57:750][607]LoadErrors: New page: Loading map: MotionControllerMap.umap
[2020.10.22-09.01.57:781][607]LogWorld: UWorld::CleanupWorld for StartupMap, bSessionEnded=true, bCleanupResources=true
[2020.10.22-09.01.57:781][607]LogSlate: InvalidateAllWidgets triggered.  All widgets were invalidated
[2020.10.22-09.01.57:781][607]MapCheck: New page: Map Check
[2020.10.22-09.01.57:781][607]LightingResults: New page: Lighting Build
[2020.10.22-09.01.57:790][607]LogAISub: UAISubsystem::~UAISubsystem EnvQueryManager (0000021B97936600), frame # 607
[2020.10.22-09.01.57:790][607]LogAISub: UAISubsystem::~UAISubsystem AIPerceptionSystem (0000021B9792F9C0), frame # 607
[2020.10.22-09.01.57:791][607]LogUObjectHash: Compacting FUObjectHashTables data took   0.64ms
[2020.10.22-09.01.57:846][607]LogEditorServer: Finished looking for orphan Actors (0.000 secs)
[2020.10.22-09.01.57:846][607]LogAIModule: Creating AISystem for world MotionControllerMap
[2020.10.22-09.01.57:846][607]LogAISub: UAISubsystem::UAISubsystem EnvQueryManager (0000021BA59DC200), frame # 607
[2020.10.22-09.01.57:846][607]LogAISub: UAISubsystem::UAISubsystem AIPerceptionSystem (0000021BAD55CCC0), frame # 607
[2020.10.22-09.01.57:859][607]LogUObjectHash: Compacting FUObjectHashTables data took   0.60ms
[2020.10.22-09.01.57:880][607]Cmd: MAP CHECKDEP NOCLEARLOG
[2020.10.22-09.01.57:880][607]MapCheck: Map check complete: 0 Error(s), 0 Warning(s), took 0,123ms to complete.
[2020.10.22-09.01.57:880][607]LogFileHelpers: Loading map 'MotionControllerMap' took 0.131
[2020.10.22-09.01.59:393][784]LogAssetRegistry: Asset discovery search completed in 10.1180 seconds
[2020.10.22-09.01.59:396][784]LogCollectionManager: Fixed up redirectors for 0 collections in 0.000001 seconds (updated 0 objects)
[2020.10.22-09.02.00:569][924]LogWindowsTextInputMethodSystem: Display: IME system now deactivated.
[2020.10.22-09.02.00:569][924]LogWindowsTextInputMethodSystem: Display: IME system now deactivated.
[2020.10.22-09.02.01:294][ 11]LogWindowsTextInputMethodSystem: Display: IME system now deactivated.
[2020.10.22-09.02.01:294][ 11]LogWindowsTextInputMethodSystem: Display: IME system now deactivated.
[2020.10.22-09.02.34:369][946]LogUObjectHash: Compacting FUObjectHashTables data took   0.57ms
[2020.10.22-09.02.34:377][946]LogSavePackage: Moving '../../../../../../Users/adrie/Documents/GitHub/ProjectVR/Unreal_VR_Project/Saved/EloazeDF2B045A4D383D3F7177FBA4CA74B58B.tmp' to '../../../../../../Users/adrie/Documents/GitHub/ProjectVR/Unreal_VR_Project/Content/VirtualRealityBP/Maps/Eloaze.umap'
[2020.10.22-09.02.34:378][946]LogFileHelpers: Saving map 'Eloaze' took 0.021
[2020.10.22-09.02.34:449][946]LogUObjectHash: Compacting FUObjectHashTables data took   0.23ms
[2020.10.22-09.02.34:466][946]LogUObjectHash: Compacting FUObjectHashTables data took   0.62ms
[2020.10.22-09.02.34:475][946]LogUObjectHash: Compacting FUObjectHashTables data took   0.23ms
[2020.10.22-09.02.34:501][946]AssetCheck: New page: Asset Save: Eloaze
[2020.10.22-09.02.34:501][946]LogContentValidation: Display: Validating World /Game/VirtualRealityBP/Maps/Eloaze.Eloaze
[2020.10.22-09.02.35:639][ 80]LogUObjectHash: Compacting FUObjectHashTables data took   0.23ms
[2020.10.22-09.02.35:648][ 80]LogSavePackage: Moving '../../../../../../Users/adrie/Documents/GitHub/ProjectVR/Unreal_VR_Project/Saved/EloazeF98D237C4046E8637271C8A9232B0923.tmp' to '../../../../../../Users/adrie/Documents/GitHub/ProjectVR/Unreal_VR_Project/Content/VirtualRealityBP/Maps/Eloaze.umap'
[2020.10.22-09.02.35:649][ 80]LogFileHelpers: Saving map 'Eloaze' took 0.020
[2020.10.22-09.02.35:655][ 80]AssetCheck: New page: Asset Save: Eloaze
[2020.10.22-09.02.35:655][ 80]LogContentValidation: Display: Validating World /Game/VirtualRealityBP/Maps/Eloaze.Eloaze
